<?xml version="1.0" encoding="UTF-8"?>
<!-- Generated by org.testng.reporters.JUnitReportReporter -->
<testsuite hostname="PSDTP002" failures="0" tests="3" name="com.test.OrangeHRMTest" time="48.553" errors="0" timestamp="2024-05-07T17:46:00 IST" skipped="0">
  <testcase classname="com.test.OrangeHRMTest" name="loginPageTest" time="17.175"/>
  <testcase classname="com.test.OrangeHRMTest" name="loginTest" time="19.880"/>
  <testcase classname="com.test.OrangeHRMTest" name="sampleCase" time="11.498"/>
</testsuite> <!-- com.test.OrangeHRMTest -->
