<?xml version="1.0" encoding="UTF-8"?>
<!-- Generated by org.testng.reporters.JUnitReportReporter -->
<testsuite hostname="PSDTP002" failures="0" tests="3" name="com.test.OrangeHRMTest" time="74.058" errors="0" timestamp="2024-05-09T14:14:40 IST" skipped="0">
  <testcase classname="com.test.OrangeHRMTest" name="loginPageTest" time="48.248"/>
  <testcase classname="com.test.OrangeHRMTest" name="loginTest" time="20.104"/>
  <testcase classname="com.test.OrangeHRMTest" name="sampleCase" time="5.706"/>
</testsuite> <!-- com.test.OrangeHRMTest -->
